(0000) 3000  0011000000000000 (  14)                 .ORIG x3000
(3000) E01E  1110000000011110 (  15)                 LEA   R0 msg
(3001) F022  1111000000100010 (  16)                 TRAP  x22
(3002) E049  1110000001001001 (  17)                 LEA   R0 msg1
(3003) F022  1111000000100010 (  18)                 TRAP  x22
(3004) 48EF  0100100011101111 (  19)                 JSR   INPUT
(3005) 3CE5  0011110011100101 (  20)                 ST    R6 tmp
(3006) E064  1110000001100100 (  23)                 LEA   R0 msg2
(3007) F022  1111000000100010 (  24)                 TRAP  x22
(3008) 48EB  0100100011101011 (  25)                 JSR   INPUT
(3009) 13A0  0001001110100000 (  26)                 ADD   R1 R6 #0
(300A) E07F  1110000001111111 (  29)                 LEA   R0 msg3
(300B) F022  1111000000100010 (  30)                 TRAP  x22
(300C) 48E7  0100100011100111 (  31)                 JSR   INPUT
(300D) 15A0  0001010110100000 (  32)                 ADD   R2 R6 #0
(300E) 20DC  0010000011011100 (  34)                 LD    R0 tmp
(300F) 4907  0100100100000111 (  35)                 JSR   MAX_MIN
(3010) 26D8  0010011011011000 (  36) MAIN            LD    R3 Max
(3011) 28D8  0010100011011000 (  37)                 LD    R4 Min
(3012) E096  1110000010010110 (  38)                 LEA   R0 msg_MAX
(3013) F022  1111000000100010 (  39)                 TRAP  x22
(3014) 1CE0  0001110011100000 (  40)                 ADD   R6 R3 #0
(3015) 491D  0100100100011101 (  41)                 JSR   BCD
(3016) 5020  0101000000100000 (  42)                 AND   R0 R0 #0
(3017) 102A  0001000000101010 (  43)                 ADD   R0 R0 #10
(3018) F021  1111000000100001 (  44)                 TRAP  x21
(3019) E0AF  1110000010101111 (  45)                 LEA   R0 msg_MIN
(301A) F022  1111000000100010 (  46)                 TRAP  x22
(301B) 1D20  0001110100100000 (  47)                 ADD   R6 R4 #0
(301C) 4916  0100100100010110 (  48)                 JSR   BCD
(301D) 20CD  0010000011001101 (  49)                 LD    R0 tmp
(301E) F025  1111000000100101 (  50)                 TRAP  x25
(301F) 0050  0000000001010000 (  52) msg             .FILL x0050
(3020) 006C  0000000001101100 (  52)                 .FILL x006C
(3021) 0065  0000000001100101 (  52)                 .FILL x0065
(3022) 0061  0000000001100001 (  52)                 .FILL x0061
(3023) 0073  0000000001110011 (  52)                 .FILL x0073
(3024) 0065  0000000001100101 (  52)                 .FILL x0065
(3025) 0020  0000000000100000 (  52)                 .FILL x0020
(3026) 0065  0000000001100101 (  52)                 .FILL x0065
(3027) 006E  0000000001101110 (  52)                 .FILL x006E
(3028) 0074  0000000001110100 (  52)                 .FILL x0074
(3029) 0065  0000000001100101 (  52)                 .FILL x0065
(302A) 0072  0000000001110010 (  52)                 .FILL x0072
(302B) 0020  0000000000100000 (  52)                 .FILL x0020
(302C) 0075  0000000001110101 (  52)                 .FILL x0075
(302D) 006E  0000000001101110 (  52)                 .FILL x006E
(302E) 0073  0000000001110011 (  52)                 .FILL x0073
(302F) 0069  0000000001101001 (  52)                 .FILL x0069
(3030) 0067  0000000001100111 (  52)                 .FILL x0067
(3031) 006E  0000000001101110 (  52)                 .FILL x006E
(3032) 0065  0000000001100101 (  52)                 .FILL x0065
(3033) 0064  0000000001100100 (  52)                 .FILL x0064
(3034) 0020  0000000000100000 (  52)                 .FILL x0020
(3035) 0069  0000000001101001 (  52)                 .FILL x0069
(3036) 006E  0000000001101110 (  52)                 .FILL x006E
(3037) 0074  0000000001110100 (  52)                 .FILL x0074
(3038) 0065  0000000001100101 (  52)                 .FILL x0065
(3039) 0067  0000000001100111 (  52)                 .FILL x0067
(303A) 0065  0000000001100101 (  52)                 .FILL x0065
(303B) 0072  0000000001110010 (  52)                 .FILL x0072
(303C) 0020  0000000000100000 (  52)                 .FILL x0020
(303D) 0028  0000000000101000 (  52)                 .FILL x0028
(303E) 0030  0000000000110000 (  52)                 .FILL x0030
(303F) 0020  0000000000100000 (  52)                 .FILL x0020
(3040) 0074  0000000001110100 (  52)                 .FILL x0074
(3041) 006F  0000000001101111 (  52)                 .FILL x006F
(3042) 0020  0000000000100000 (  52)                 .FILL x0020
(3043) 0033  0000000000110011 (  52)                 .FILL x0033
(3044) 0032  0000000000110010 (  52)                 .FILL x0032
(3045) 0037  0000000000110111 (  52)                 .FILL x0037
(3046) 0036  0000000000110110 (  52)                 .FILL x0036
(3047) 0037  0000000000110111 (  52)                 .FILL x0037
(3048) 0029  0000000000101001 (  52)                 .FILL x0029
(3049) 002E  0000000000101110 (  52)                 .FILL x002E
(304A) 000A  0000000000001010 (  52)                 .FILL x000A
(304B) 0000  0000000000000000 (  52)                 .FILL x0000
(304C) 0045  0000000001000101 (  53) msg1            .FILL x0045
(304D) 006E  0000000001101110 (  53)                 .FILL x006E
(304E) 0074  0000000001110100 (  53)                 .FILL x0074
(304F) 0065  0000000001100101 (  53)                 .FILL x0065
(3050) 0072  0000000001110010 (  53)                 .FILL x0072
(3051) 0020  0000000000100000 (  53)                 .FILL x0020
(3052) 0074  0000000001110100 (  53)                 .FILL x0074
(3053) 0068  0000000001101000 (  53)                 .FILL x0068
(3054) 0065  0000000001100101 (  53)                 .FILL x0065
(3055) 0020  0000000000100000 (  53)                 .FILL x0020
(3056) 0066  0000000001100110 (  53)                 .FILL x0066
(3057) 0069  0000000001101001 (  53)                 .FILL x0069
(3058) 0072  0000000001110010 (  53)                 .FILL x0072
(3059) 0073  0000000001110011 (  53)                 .FILL x0073
(305A) 0074  0000000001110100 (  53)                 .FILL x0074
(305B) 0020  0000000000100000 (  53)                 .FILL x0020
(305C) 0069  0000000001101001 (  53)                 .FILL x0069
(305D) 006E  0000000001101110 (  53)                 .FILL x006E
(305E) 0074  0000000001110100 (  53)                 .FILL x0074
(305F) 0065  0000000001100101 (  53)                 .FILL x0065
(3060) 0067  0000000001100111 (  53)                 .FILL x0067
(3061) 0065  0000000001100101 (  53)                 .FILL x0065
(3062) 0072  0000000001110010 (  53)                 .FILL x0072
(3063) 003A  0000000000111010 (  53)                 .FILL x003A
(3064) 0020  0000000000100000 (  53)                 .FILL x0020
(3065) 0020  0000000000100000 (  53)                 .FILL x0020
(3066) 0058  0000000001011000 (  53)                 .FILL x0058
(3067) 0020  0000000000100000 (  53)                 .FILL x0020
(3068) 003D  0000000000111101 (  53)                 .FILL x003D
(3069) 0020  0000000000100000 (  53)                 .FILL x0020
(306A) 0000  0000000000000000 (  53)                 .FILL x0000
(306B) 0045  0000000001000101 (  54) msg2            .FILL x0045
(306C) 006E  0000000001101110 (  54)                 .FILL x006E
(306D) 0074  0000000001110100 (  54)                 .FILL x0074
(306E) 0065  0000000001100101 (  54)                 .FILL x0065
(306F) 0072  0000000001110010 (  54)                 .FILL x0072
(3070) 0020  0000000000100000 (  54)                 .FILL x0020
(3071) 0074  0000000001110100 (  54)                 .FILL x0074
(3072) 0068  0000000001101000 (  54)                 .FILL x0068
(3073) 0065  0000000001100101 (  54)                 .FILL x0065
(3074) 0020  0000000000100000 (  54)                 .FILL x0020
(3075) 0073  0000000001110011 (  54)                 .FILL x0073
(3076) 0065  0000000001100101 (  54)                 .FILL x0065
(3077) 0063  0000000001100011 (  54)                 .FILL x0063
(3078) 006F  0000000001101111 (  54)                 .FILL x006F
(3079) 006E  0000000001101110 (  54)                 .FILL x006E
(307A) 0064  0000000001100100 (  54)                 .FILL x0064
(307B) 0020  0000000000100000 (  54)                 .FILL x0020
(307C) 0069  0000000001101001 (  54)                 .FILL x0069
(307D) 006E  0000000001101110 (  54)                 .FILL x006E
(307E) 0074  0000000001110100 (  54)                 .FILL x0074
(307F) 0065  0000000001100101 (  54)                 .FILL x0065
(3080) 0067  0000000001100111 (  54)                 .FILL x0067
(3081) 0065  0000000001100101 (  54)                 .FILL x0065
(3082) 0072  0000000001110010 (  54)                 .FILL x0072
(3083) 003A  0000000000111010 (  54)                 .FILL x003A
(3084) 0020  0000000000100000 (  54)                 .FILL x0020
(3085) 0059  0000000001011001 (  54)                 .FILL x0059
(3086) 0020  0000000000100000 (  54)                 .FILL x0020
(3087) 003D  0000000000111101 (  54)                 .FILL x003D
(3088) 0020  0000000000100000 (  54)                 .FILL x0020
(3089) 0000  0000000000000000 (  54)                 .FILL x0000
(308A) 0045  0000000001000101 (  55) msg3            .FILL x0045
(308B) 006E  0000000001101110 (  55)                 .FILL x006E
(308C) 0074  0000000001110100 (  55)                 .FILL x0074
(308D) 0065  0000000001100101 (  55)                 .FILL x0065
(308E) 0072  0000000001110010 (  55)                 .FILL x0072
(308F) 0020  0000000000100000 (  55)                 .FILL x0020
(3090) 0074  0000000001110100 (  55)                 .FILL x0074
(3091) 0068  0000000001101000 (  55)                 .FILL x0068
(3092) 0065  0000000001100101 (  55)                 .FILL x0065
(3093) 0020  0000000000100000 (  55)                 .FILL x0020
(3094) 0074  0000000001110100 (  55)                 .FILL x0074
(3095) 0068  0000000001101000 (  55)                 .FILL x0068
(3096) 0069  0000000001101001 (  55)                 .FILL x0069
(3097) 0072  0000000001110010 (  55)                 .FILL x0072
(3098) 0064  0000000001100100 (  55)                 .FILL x0064
(3099) 0020  0000000000100000 (  55)                 .FILL x0020
(309A) 0069  0000000001101001 (  55)                 .FILL x0069
(309B) 006E  0000000001101110 (  55)                 .FILL x006E
(309C) 0074  0000000001110100 (  55)                 .FILL x0074
(309D) 0065  0000000001100101 (  55)                 .FILL x0065
(309E) 0067  0000000001100111 (  55)                 .FILL x0067
(309F) 0065  0000000001100101 (  55)                 .FILL x0065
(30A0) 0072  0000000001110010 (  55)                 .FILL x0072
(30A1) 003A  0000000000111010 (  55)                 .FILL x003A
(30A2) 0020  0000000000100000 (  55)                 .FILL x0020
(30A3) 0020  0000000000100000 (  55)                 .FILL x0020
(30A4) 005A  0000000001011010 (  55)                 .FILL x005A
(30A5) 0020  0000000000100000 (  55)                 .FILL x0020
(30A6) 003D  0000000000111101 (  55)                 .FILL x003D
(30A7) 0020  0000000000100000 (  55)                 .FILL x0020
(30A8) 0000  0000000000000000 (  55)                 .FILL x0000
(30A9) 0054  0000000001010100 (  56) msg_MAX         .FILL x0054
(30AA) 0068  0000000001101000 (  56)                 .FILL x0068
(30AB) 0065  0000000001100101 (  56)                 .FILL x0065
(30AC) 0020  0000000000100000 (  56)                 .FILL x0020
(30AD) 004D  0000000001001101 (  56)                 .FILL x004D
(30AE) 0041  0000000001000001 (  56)                 .FILL x0041
(30AF) 0058  0000000001011000 (  56)                 .FILL x0058
(30B0) 0020  0000000000100000 (  56)                 .FILL x0020
(30B1) 006E  0000000001101110 (  56)                 .FILL x006E
(30B2) 0075  0000000001110101 (  56)                 .FILL x0075
(30B3) 006D  0000000001101101 (  56)                 .FILL x006D
(30B4) 0062  0000000001100010 (  56)                 .FILL x0062
(30B5) 0065  0000000001100101 (  56)                 .FILL x0065
(30B6) 0072  0000000001110010 (  56)                 .FILL x0072
(30B7) 0020  0000000000100000 (  56)                 .FILL x0020
(30B8) 0069  0000000001101001 (  56)                 .FILL x0069
(30B9) 006E  0000000001101110 (  56)                 .FILL x006E
(30BA) 0020  0000000000100000 (  56)                 .FILL x0020
(30BB) 0074  0000000001110100 (  56)                 .FILL x0074
(30BC) 0068  0000000001101000 (  56)                 .FILL x0068
(30BD) 0065  0000000001100101 (  56)                 .FILL x0065
(30BE) 0020  0000000000100000 (  56)                 .FILL x0020
(30BF) 006C  0000000001101100 (  56)                 .FILL x006C
(30C0) 0069  0000000001101001 (  56)                 .FILL x0069
(30C1) 0073  0000000001110011 (  56)                 .FILL x0073
(30C2) 0074  0000000001110100 (  56)                 .FILL x0074
(30C3) 0020  0000000000100000 (  56)                 .FILL x0020
(30C4) 0069  0000000001101001 (  56)                 .FILL x0069
(30C5) 0073  0000000001110011 (  56)                 .FILL x0073
(30C6) 003A  0000000000111010 (  56)                 .FILL x003A
(30C7) 0020  0000000000100000 (  56)                 .FILL x0020
(30C8) 0000  0000000000000000 (  56)                 .FILL x0000
(30C9) 0054  0000000001010100 (  57) msg_MIN         .FILL x0054
(30CA) 0068  0000000001101000 (  57)                 .FILL x0068
(30CB) 0065  0000000001100101 (  57)                 .FILL x0065
(30CC) 0020  0000000000100000 (  57)                 .FILL x0020
(30CD) 004D  0000000001001101 (  57)                 .FILL x004D
(30CE) 0049  0000000001001001 (  57)                 .FILL x0049
(30CF) 004E  0000000001001110 (  57)                 .FILL x004E
(30D0) 0020  0000000000100000 (  57)                 .FILL x0020
(30D1) 006E  0000000001101110 (  57)                 .FILL x006E
(30D2) 0075  0000000001110101 (  57)                 .FILL x0075
(30D3) 006D  0000000001101101 (  57)                 .FILL x006D
(30D4) 0062  0000000001100010 (  57)                 .FILL x0062
(30D5) 0065  0000000001100101 (  57)                 .FILL x0065
(30D6) 0072  0000000001110010 (  57)                 .FILL x0072
(30D7) 0020  0000000000100000 (  57)                 .FILL x0020
(30D8) 0069  0000000001101001 (  57)                 .FILL x0069
(30D9) 006E  0000000001101110 (  57)                 .FILL x006E
(30DA) 0020  0000000000100000 (  57)                 .FILL x0020
(30DB) 0074  0000000001110100 (  57)                 .FILL x0074
(30DC) 0068  0000000001101000 (  57)                 .FILL x0068
(30DD) 0065  0000000001100101 (  57)                 .FILL x0065
(30DE) 0020  0000000000100000 (  57)                 .FILL x0020
(30DF) 006C  0000000001101100 (  57)                 .FILL x006C
(30E0) 0069  0000000001101001 (  57)                 .FILL x0069
(30E1) 0073  0000000001110011 (  57)                 .FILL x0073
(30E2) 0074  0000000001110100 (  57)                 .FILL x0074
(30E3) 0020  0000000000100000 (  57)                 .FILL x0020
(30E4) 0069  0000000001101001 (  57)                 .FILL x0069
(30E5) 0073  0000000001110011 (  57)                 .FILL x0073
(30E6) 003A  0000000000111010 (  57)                 .FILL x003A
(30E7) 0020  0000000000100000 (  57)                 .FILL x0020
(30E8) 0000  0000000000000000 (  57)                 .FILL x0000
(30E9) 0000  0000000000000000 (  59) Max             .FILL x0000
(30EA) 0000  0000000000000000 (  60) Min             .FILL x0000
(30EB) 0000  0000000000000000 (  61) tmp             .FILL x0000
(30EC) 0000  0000000000000000 (  62) SAVE            .FILL x0000
(30ED) 0000  0000000000000000 (  63) SAVE_2          .FILL x0000
(30EE) 0000  0000000000000000 (  63) NOT_EXTEN       .FILL x0000
(30EF) FFD0  1111111111010000 (  64) ASCII           .FILL xFFD0
(30F0) 000A  0000000000001010 (  65) TEN             .FILL x000A
(30F1) 0064  0000000001100100 (  66) HUNDRED         .FILL x0064
(30F2) 03E8  0000001111101000 (  67) THOUSAND        .FILL x03E8
(30F3) 2710  0010011100010000 (  68) VANJ            .FILL x2710
(30F4) 3FF7  0011111111110111 (  70) INPUT           ST    R7 SAVE
(30F5) 5DA0  0101110110100000 (  71)                 AND   R6 R6 #0
(30F6) F020  1111000000100000 (  72) LOOP_INPUT      TRAP  x20
(30F7) F021  1111000000100001 (  73)                 TRAP  x21
(30F8) 1A20  0001101000100000 (  74)                 ADD   R5 R0 #0
(30F9) 1B76  0001101101110110 (  75)                 ADD   R5 R5 #-10
(30FA) 040D  0000010000001101 (  76)                 BRZ   EXIT
(30FB) 29F3  0010100111110011 (  77)                 LD    R4 ASCII
(30FC) 1A20  0001101000100000 (  78)                 ADD   R5 R0 #0
(30FD) 1B44  0001101101000100 (  79)                 ADD   R5 R5 R4
(30FE) 080B  0000100000001011 (  80)                 BRN   INVALID
(30FF) 1A20  0001101000100000 (  81)                 ADD   R5 R0 #0
(3100) 1937  0001100100110111 (  82)                 ADD   R4 R4 #-9
(3101) 1B44  0001101101000100 (  83)                 ADD   R5 R5 R4
(3102) 0207  0000001000000111 (  84)                 BRP   INVALID
(3103) 2BEB  0010101111101011 (  86)                 LD    R5 ASCII
(3104) 1005  0001000000000101 (  87)                 ADD   R0 R0 R5
(3105) 480A  0100100000001010 (  88)                 JSR   X10_R6
(3106) 1D80  0001110110000000 (  89)                 ADD   R6 R6 R0
(3107) 0FEE  0000111111101110 (  90)                 BRNZP LOOP_INPUT
(3108) 2FE3  0010111111100011 (  92) EXIT            LD    R7 SAVE
(3109) C1C0  1100000111000000 (  93)                 RET   
(310A) 5020  0101000000100000 (  95) INVALID         AND   R0 R0 #0
(310B) 102A  0001000000101010 (  96)                 ADD   R0 R0 #10
(310C) F021  1111000000100001 (  97)                 TRAP  x21
(310D) E04C  1110000001001100 (  98)                 LEA   R0 invalid
(310E) F022  1111000000100010 (  99)                 TRAP  x22
(310F) F025  1111000000100101 ( 100)                 TRAP  x25
(3110) 1BA0  0001101110100000 ( 102) X10_R6          ADD   R5 R6 #0
(3111) 5DA0  0101110110100000 ( 103)                 AND   R6 R6 #0
(3112) 29DD  0010100111011101 ( 104)                 LD    R4 TEN
(3113) 1D85  0001110110000101 ( 105) LOOP_MUL        ADD   R6 R6 R5
(3114) 193F  0001100100111111 ( 106)                 ADD   R4 R4 #-1
(3115) 03FD  0000001111111101 ( 107)                 BRP   LOOP_MUL
(3116) C1C0  1100000111000000 ( 108)                 RET   
(3117) 1A20  0001101000100000 ( 110) MAX_MIN         ADD   R5 R0 #0
(3118) 3BD0  0011101111010000 ( 111)                 ST    R5 Max
(3119) 3BD0  0011101111010000 ( 112)                 ST    R5 Min
(311A) 1A60  0001101001100000 ( 113)                 ADD   R5 R1 #0
(311B) 4805  0100100000000101 ( 114)                 JSR   LOOP_MAX
(311C) 480D  0100100000001101 ( 115)                 JSR   LOOP_MIN
(311D) 1AA0  0001101010100000 ( 116)                 ADD   R5 R2 #0
(311E) 4802  0100100000000010 ( 117)                 JSR   LOOP_MAX
(311F) 480A  0100100000001010 ( 118)                 JSR   LOOP_MIN
(3120) 4EEF  0100111011101111 ( 119)                 JSR   MAIN
(3121) 27C7  0010011111000111 ( 121) LOOP_MAX        LD    R3 Max
(3122) 1D60  0001110101100000 ( 122)                 ADD   R6 R5 #0
(3123) 9DBF  1001110110111111 ( 123)                 NOT   R6 R6
(3124) 1DA1  0001110110100001 ( 124)                 ADD   R6 R6 #1
(3125) 16C6  0001011011000110 ( 125)                 ADD   R3 R3 R6
(3126) 0801  0000100000000001 ( 126)                 BRN   New_MAX
(3127) C1C0  1100000111000000 ( 127)                 RET   
(3128) 3BC0  0011101111000000 ( 128) New_MAX         ST    R5 Max
(3129) C1C0  1100000111000000 ( 129)                 RET   
(312A) 29BF  0010100110111111 ( 131) LOOP_MIN        LD    R4 Min
(312B) 1D60  0001110101100000 ( 132)                 ADD   R6 R5 #0
(312C) 993F  1001100100111111 ( 133)                 NOT   R4 R4
(312D) 1921  0001100100100001 ( 134)                 ADD   R4 R4 #1
(312E) 1D84  0001110110000100 ( 135)                 ADD   R6 R6 R4
(312F) 0801  0000100000000001 ( 136)                 BRN   New_MIN
(3130) C1C0  1100000111000000 ( 137)                 RET   
(3131) 3BB8  0011101110111000 ( 138) New_MIN         ST    R5 Min
(3132) C1C0  1100000111000000 ( 139)                 RET   
(3133) 3FB8  0011111110111000 ( 141) BCD             ST    R7 SAVE
(3134) 2BB9  0010101110111001 ( 142)                 LD    R5 NOT_EXTEN
(3135) 5B60  0101101101100000 ( 143)                 AND   R5 R5 #0
(3136) 3BB7  0011101110110111 ( 144)                 ST    R5 NOT_EXTEN
(3137) 2BBB  0010101110111011 ( 145)                 LD    R5 VANJ
(3138) 480A  0100100000001010 ( 146)                 JSR   PRINT_BCD
(3139) 2BB8  0010101110111000 ( 147)                 LD    R5 THOUSAND
(313A) 4808  0100100000001000 ( 148)                 JSR   PRINT_BCD
(313B) 2BB5  0010101110110101 ( 149)                 LD    R5 HUNDRED
(313C) 4806  0100100000000110 ( 150)                 JSR   PRINT_BCD
(313D) 2BB2  0010101110110010 ( 151)                 LD    R5 TEN
(313E) 4804  0100100000000100 ( 152)                 JSR   PRINT_BCD
(313F) 1185  0001000110000101 ( 153)                 ADD   R0 R6 R5
(3140) F021  1111000000100001 ( 154)                 TRAP  x21
(3141) 2FAA  0010111110101010 ( 156)                 LD    R7 SAVE
(3142) C1C0  1100000111000000 ( 157)                 RET   
(3143) 3FA9  0011111110101001 ( 159) PRINT_BCD       ST    R7 SAVE_2
(3144) 9B7F  1001101101111111 ( 160)                 NOT   R5 R5
(3145) 1B61  0001101101100001 ( 161)                 ADD   R5 R5 #1
(3146) 5020  0101000000100000 ( 162)                 AND   R0 R0 #0
(3147) 3DA3  0011110110100011 ( 163) PRINT_LOOP      ST    R6 tmp
(3148) 1021  0001000000100001 ( 164)                 ADD   R0 R0 #1
(3149) 1D85  0001110110000101 ( 165)                 ADD   R6 R6 R5
(314A) 07FC  0000011111111100 ( 166)                 BRZP  PRINT_LOOP
(314B) 103F  0001000000111111 ( 167)                 ADD   R0 R0 #-1
(314C) 2D9E  0010110110011110 ( 168)                 LD    R6 tmp
(314D) 2BA0  0010101110100000 ( 169)                 LD    R5 NOT_EXTEN
(314E) 1B40  0001101101000000 ( 170)                 ADD   R5 R5 R0
(314F) 0A02  0000101000000010 ( 171)                 BRNP  PRINT
(3150) 2F9C  0010111110011100 ( 173)                 LD    R7 SAVE_2
(3151) C1C0  1100000111000000 ( 174)                 RET   
(3152) 3B9B  0011101110011011 ( 175) PRINT           ST    R5 NOT_EXTEN
(3153) 2B9B  0010101110011011 ( 176)                 LD    R5 ASCII
(3154) 9B7F  1001101101111111 ( 177)                 NOT   R5 R5
(3155) 1B61  0001101101100001 ( 178)                 ADD   R5 R5 #1
(3156) 1005  0001000000000101 ( 179)                 ADD   R0 R0 R5
(3157) F021  1111000000100001 ( 180)                 TRAP  x21
(3158) 2F94  0010111110010100 ( 181)                 LD    R7 SAVE_2
(3159) C1C0  1100000111000000 ( 182)                 RET   
(315A) 0049  0000000001001001 ( 184) invalid         .FILL x0049
(315B) 006E  0000000001101110 ( 184)                 .FILL x006E
(315C) 0076  0000000001110110 ( 184)                 .FILL x0076
(315D) 0061  0000000001100001 ( 184)                 .FILL x0061
(315E) 006C  0000000001101100 ( 184)                 .FILL x006C
(315F) 0069  0000000001101001 ( 184)                 .FILL x0069
(3160) 0064  0000000001100100 ( 184)                 .FILL x0064
(3161) 0020  0000000000100000 ( 184)                 .FILL x0020
(3162) 0069  0000000001101001 ( 184)                 .FILL x0069
(3163) 006E  0000000001101110 ( 184)                 .FILL x006E
(3164) 0070  0000000001110000 ( 184)                 .FILL x0070
(3165) 0075  0000000001110101 ( 184)                 .FILL x0075
(3166) 0074  0000000001110100 ( 184)                 .FILL x0074
(3167) 002C  0000000000101100 ( 184)                 .FILL x002C
(3168) 0020  0000000000100000 ( 184)                 .FILL x0020
(3169) 0070  0000000001110000 ( 184)                 .FILL x0070
(316A) 006C  0000000001101100 ( 184)                 .FILL x006C
(316B) 0065  0000000001100101 ( 184)                 .FILL x0065
(316C) 0061  0000000001100001 ( 184)                 .FILL x0061
(316D) 0073  0000000001110011 ( 184)                 .FILL x0073
(316E) 0065  0000000001100101 ( 184)                 .FILL x0065
(316F) 0020  0000000000100000 ( 184)                 .FILL x0020
(3170) 0072  0000000001110010 ( 184)                 .FILL x0072
(3171) 0065  0000000001100101 ( 184)                 .FILL x0065
(3172) 0073  0000000001110011 ( 184)                 .FILL x0073
(3173) 0074  0000000001110100 ( 184)                 .FILL x0074
(3174) 0061  0000000001100001 ( 184)                 .FILL x0061
(3175) 0072  0000000001110010 ( 184)                 .FILL x0072
(3176) 0074  0000000001110100 ( 184)                 .FILL x0074
(3177) 0020  0000000000100000 ( 184)                 .FILL x0020
(3178) 0070  0000000001110000 ( 184)                 .FILL x0070
(3179) 0072  0000000001110010 ( 184)                 .FILL x0072
(317A) 006F  0000000001101111 ( 184)                 .FILL x006F
(317B) 0067  0000000001100111 ( 184)                 .FILL x0067
(317C) 0072  0000000001110010 ( 184)                 .FILL x0072
(317D) 0061  0000000001100001 ( 184)                 .FILL x0061
(317E) 006D  0000000001101101 ( 184)                 .FILL x006D
(317F) 0020  0000000000100000 ( 184)                 .FILL x0020
(3180) 0061  0000000001100001 ( 184)                 .FILL x0061
(3181) 006E  0000000001101110 ( 184)                 .FILL x006E
(3182) 0064  0000000001100100 ( 184)                 .FILL x0064
(3183) 0020  0000000000100000 ( 184)                 .FILL x0020
(3184) 0065  0000000001100101 ( 184)                 .FILL x0065
(3185) 006E  0000000001101110 ( 184)                 .FILL x006E
(3186) 0074  0000000001110100 ( 184)                 .FILL x0074
(3187) 0065  0000000001100101 ( 184)                 .FILL x0065
(3188) 0072  0000000001110010 ( 184)                 .FILL x0072
(3189) 0020  0000000000100000 ( 184)                 .FILL x0020
(318A) 0069  0000000001101001 ( 184)                 .FILL x0069
(318B) 006E  0000000001101110 ( 184)                 .FILL x006E
(318C) 0074  0000000001110100 ( 184)                 .FILL x0074
(318D) 0065  0000000001100101 ( 184)                 .FILL x0065
(318E) 0067  0000000001100111 ( 184)                 .FILL x0067
(318F) 0065  0000000001100101 ( 184)                 .FILL x0065
(3190) 0072  0000000001110010 ( 184)                 .FILL x0072
(3191) 0020  0000000000100000 ( 184)                 .FILL x0020
(3192) 006E  0000000001101110 ( 184)                 .FILL x006E
(3193) 0075  0000000001110101 ( 184)                 .FILL x0075
(3194) 006D  0000000001101101 ( 184)                 .FILL x006D
(3195) 0062  0000000001100010 ( 184)                 .FILL x0062
(3196) 0065  0000000001100101 ( 184)                 .FILL x0065
(3197) 0072  0000000001110010 ( 184)                 .FILL x0072
(3198) 0073  0000000001110011 ( 184)                 .FILL x0073
(3199) 002E  0000000000101110 ( 184)                 .FILL x002E
(319A) 0000  0000000000000000 ( 184)                 .FILL x0000
